Build started 2015-11-25 8:22:57 PM.
     1>Project "C:\GameDev\_Projects\Semester5\ZoloEngine\ZoloEngine\ZoloEngine.vcxproj" on node 2 (Build target(s)).
     1>ClCompile:
         C:\Program Files (x86)\Microsoft Visual Studio 12.0\VC\bin\CL.exe /c /ZI /nologo /W3 /WX- /sdl /Od /Oy- /D _MBCS /Gm /EHsc /RTC1 /MDd /GS /fp:precise /Zc:wchar_t /Zc:forScope /Fo"Debug\\" /Fd"Debug\vc120.pdb" /Gd /TP /analyze- /errorReport:prompt Image.cpp
         Image.cpp
       Link:
         C:\Program Files (x86)\Microsoft Visual Studio 12.0\VC\bin\link.exe /ERRORREPORT:PROMPT /OUT:"C:\GameDev\_Projects\Semester5\ZoloEngine\Debug\ZoloEngine.exe" /INCREMENTAL /NOLOGO opengl32.lib SDL2.lib SDL2main.lib glew32.lib SOIL.lib kernel32.lib user32.lib gdi32.lib winspool.lib comdlg32.lib advapi32.lib shell32.lib ole32.lib oleaut32.lib uuid.lib odbc32.lib odbccp32.lib /MANIFEST /MANIFESTUAC:"level='asInvoker' uiAccess='false'" /manifest:embed /DEBUG /PDB:"C:\GameDev\_Projects\Semester5\ZoloEngine\Debug\ZoloEngine.pdb" /SUBSYSTEM:CONSOLE /TLBID:1 /DYNAMICBASE /NXCOMPAT /IMPLIB:"C:\GameDev\_Projects\Semester5\ZoloEngine\Debug\ZoloEngine.lib" /MACHINE:X86 Debug\Camera.obj
         Debug\Errors.obj
         Debug\Frustum.obj
         Debug\GameObject.obj
         Debug\GLSLProgram.obj
         Debug\Image.obj
         Debug\main.obj
         Debug\GameEngine.obj
         Debug\Mesh.obj
         Debug\Plane.obj
         Debug\ResourceManager.obj
         Debug\Sprite.obj
         ZoloEngine.vcxproj -> C:\GameDev\_Projects\Semester5\ZoloEngine\Debug\ZoloEngine.exe
     1>Done Building Project "C:\GameDev\_Projects\Semester5\ZoloEngine\ZoloEngine\ZoloEngine.vcxproj" (Build target(s)).

Build succeeded.

Time Elapsed 00:00:08.70
